{"C:\\repo-1\\LIM013-cipher\\src\\cipher.js": {"path":"C:\\repo-1\\LIM013-cipher\\src\\cipher.js","statementMap":{"0":{"start":{"line":1,"column":15},"end":{"line":44,"column":3}},"1":{"start":{"line":3,"column":16},"end":{"line":3,"column":18}},"2":{"start":{"line":4,"column":6},"end":{"line":16,"column":7}},"3":{"start":{"line":4,"column":17},"end":{"line":4,"column":18}},"4":{"start":{"line":5,"column":28},"end":{"line":5,"column":49}},"5":{"start":{"line":6,"column":10},"end":{"line":14,"column":11}},"6":{"start":{"line":7,"column":14},"end":{"line":7,"column":77}},"7":{"start":{"line":8,"column":14},"end":{"line":8,"column":67}},"8":{"start":{"line":9,"column":17},"end":{"line":14,"column":11}},"9":{"start":{"line":10,"column":13},"end":{"line":10,"column":76}},"10":{"start":{"line":11,"column":13},"end":{"line":11,"column":66}},"11":{"start":{"line":12,"column":17},"end":{"line":14,"column":11}},"12":{"start":{"line":13,"column":12},"end":{"line":13,"column":23}},"13":{"start":{"line":17,"column":6},"end":{"line":17,"column":23}},"14":{"start":{"line":30,"column":15},"end":{"line":30,"column":17}},"15":{"start":{"line":31,"column":4},"end":{"line":42,"column":5}},"16":{"start":{"line":31,"column":16},"end":{"line":31,"column":17}},"17":{"start":{"line":32,"column":27},"end":{"line":32,"column":49}},"18":{"start":{"line":33,"column":8},"end":{"line":41,"column":9}},"19":{"start":{"line":34,"column":10},"end":{"line":34,"column":75}},"20":{"start":{"line":35,"column":10},"end":{"line":35,"column":64}},"21":{"start":{"line":36,"column":14},"end":{"line":41,"column":9}},"22":{"start":{"line":37,"column":9},"end":{"line":37,"column":74}},"23":{"start":{"line":38,"column":9},"end":{"line":38,"column":63}},"24":{"start":{"line":39,"column":14},"end":{"line":41,"column":9}},"25":{"start":{"line":40,"column":9},"end":{"line":40,"column":21}},"26":{"start":{"line":42,"column":5},"end":{"line":42,"column":23}}},"fnMap":{"0":{"name":"(anonymous_0)","decl":{"start":{"line":2,"column":10},"end":{"line":2,"column":11}},"loc":{"start":{"line":2,"column":37},"end":{"line":27,"column":3}},"line":2},"1":{"name":"(anonymous_1)","decl":{"start":{"line":29,"column":10},"end":{"line":29,"column":11}},"loc":{"start":{"line":29,"column":37},"end":{"line":43,"column":3}},"line":29}},"branchMap":{"0":{"loc":{"start":{"line":6,"column":10},"end":{"line":14,"column":11}},"type":"if","locations":[{"start":{"line":6,"column":10},"end":{"line":14,"column":11}},{"start":{"line":6,"column":10},"end":{"line":14,"column":11}}],"line":6},"1":{"loc":{"start":{"line":6,"column":14},"end":{"line":6,"column":51}},"type":"binary-expr","locations":[{"start":{"line":6,"column":14},"end":{"line":6,"column":30}},{"start":{"line":6,"column":34},"end":{"line":6,"column":51}}],"line":6},"2":{"loc":{"start":{"line":9,"column":17},"end":{"line":14,"column":11}},"type":"if","locations":[{"start":{"line":9,"column":17},"end":{"line":14,"column":11}},{"start":{"line":9,"column":17},"end":{"line":14,"column":11}}],"line":9},"3":{"loc":{"start":{"line":9,"column":21},"end":{"line":9,"column":56}},"type":"binary-expr","locations":[{"start":{"line":9,"column":21},"end":{"line":9,"column":36}},{"start":{"line":9,"column":40},"end":{"line":9,"column":56}}],"line":9},"4":{"loc":{"start":{"line":12,"column":17},"end":{"line":14,"column":11}},"type":"if","locations":[{"start":{"line":12,"column":17},"end":{"line":14,"column":11}},{"start":{"line":12,"column":17},"end":{"line":14,"column":11}}],"line":12},"5":{"loc":{"start":{"line":33,"column":8},"end":{"line":41,"column":9}},"type":"if","locations":[{"start":{"line":33,"column":8},"end":{"line":41,"column":9}},{"start":{"line":33,"column":8},"end":{"line":41,"column":9}}],"line":33},"6":{"loc":{"start":{"line":33,"column":11},"end":{"line":33,"column":49}},"type":"binary-expr","locations":[{"start":{"line":33,"column":11},"end":{"line":33,"column":28}},{"start":{"line":33,"column":32},"end":{"line":33,"column":49}}],"line":33},"7":{"loc":{"start":{"line":36,"column":14},"end":{"line":41,"column":9}},"type":"if","locations":[{"start":{"line":36,"column":14},"end":{"line":41,"column":9}},{"start":{"line":36,"column":14},"end":{"line":41,"column":9}}],"line":36},"8":{"loc":{"start":{"line":36,"column":19},"end":{"line":36,"column":56}},"type":"binary-expr","locations":[{"start":{"line":36,"column":19},"end":{"line":36,"column":35}},{"start":{"line":36,"column":39},"end":{"line":36,"column":56}}],"line":36},"9":{"loc":{"start":{"line":39,"column":14},"end":{"line":41,"column":9}},"type":"if","locations":[{"start":{"line":39,"column":14},"end":{"line":41,"column":9}},{"start":{"line":39,"column":14},"end":{"line":41,"column":9}}],"line":39}},"s":{"0":1,"1":7,"2":7,"3":7,"4":1,"5":1,"6":1,"7":1,"8":0,"9":0,"10":0,"11":0,"12":0,"13":2,"14":1,"15":1,"16":1,"17":1,"18":1,"19":1,"20":1,"21":0,"22":0,"23":0,"24":0,"25":0,"26":0},"f":{"0":7,"1":1},"b":{"0":[1,0],"1":[1,1],"2":[0,0],"3":[0,0],"4":[0,0],"5":[1,0],"6":[1,1],"7":[0,0],"8":[0,0],"9":[0,0]},"_coverageSchema":"43e27e138ebf9cfc5966b082cf9a028302ed4184","hash":"5b1d6e53032052ea12b2c873a2984aa59890c142"}
}
